Running Faiss DBSCAN by nsize = 10000, dimension = 3
WARNING clustering 10000 points to 1000 centroids: please provide at least 39000 training points
WARNING clustering 10000 points to 1000 centroids: please provide at least 39000 training points
Traceback (most recent call last):
  File "faiss_dbscan_general_test.py", line 61, in <module>
    CPU_IVFFlat_cluster.fit(X)
  File "../cluster/faiss_dbscan_.py", line 333, in fit
    clust = faiss_dbscan(X, eps=self.eps, min_samples=self.min_samples, nlist=self.nlist, nprobe=self.nprobe, sample_weight=sample_weight, GPU=self.GPU, IVFFlat=self.IVFFlat)
  File "../cluster/faiss_dbscan_.py", line 201, in faiss_dbscan
    neighborhoods = cpu_radius_neighbors(X, eps, min_samples, nlist, nprobe, return_distance=False, IVFFlat=IVFFlat)
  File "../cluster/faiss_dbscan_.py", line 43, in cpu_radius_neighbors
    index_cpu.train(X)
  File "/home/songliu/anaconda3/lib/python3.6/site-packages/faiss/__init__.py", line 119, in replacement_train
    self.train_c(n, swig_ptr(x))
  File "/home/songliu/anaconda3/lib/python3.6/site-packages/faiss/swigfaiss_gpu.py", line 3092, in train
    return _swigfaiss_gpu.IndexIVF_train(self, n, x)
KeyboardInterrupt
Running Faiss DBSCAN by nsize = 20000, dimension = 3
WARNING clustering 20000 points to 1000 centroids: please provide at least 39000 training points
WARNING clustering 20000 points to 1000 centroids: please provide at least 39000 training points
Running Faiss DBSCAN by nsize = 50000, dimension = 3
Traceback (most recent call last):
  File "faiss_dbscan_general_test.py", line 14, in <module>
    from cluster import Faiss_DBSCAN
  File "../cluster/__init__.py", line 5, in <module>
    from .faiss_dbscan_ import *
  File "../cluster/faiss_dbscan_.py", line 19, in <module>
    from sklearn.base import BaseEstimator, ClusterMixin
  File "/home/songliu/anaconda3/lib/python3.6/site-packages/sklearn/__init__.py", line 134, in <module>
    from .base import clone
  File "/home/songliu/anaconda3/lib/python3.6/site-packages/sklearn/base.py", line 13, in <module>
  File "/home/songliu/anaconda3/lib/python3.6/site-packages/sklearn/utils/__init__.py", line 11, in <module>
    from .validation import (as_float_array,
  File "/home/songliu/anaconda3/lib/python3.6/site-packages/sklearn/utils/validation.py", line 18, in <module>
    from ..utils.fixes import signature
  File "/home/songliu/anaconda3/lib/python3.6/site-packages/sklearn/utils/fixes.py", line 144, in <module>
    from scipy.sparse.linalg import lsqr as sparse_lsqr  # noqa
  File "/home/songliu/anaconda3/lib/python3.6/site-packages/scipy/sparse/linalg/__init__.py", line 118, in <module>
  File "/home/songliu/anaconda3/lib/python3.6/site-packages/scipy/sparse/linalg/matfuncs.py", line 19, in <module>
  File "/home/songliu/anaconda3/lib/python3.6/site-packages/scipy/special/__init__.py", line 642, in <module>
    from .basic import *
  File "<frozen importlib._bootstrap>", line 971, in _find_and_load
  File "<frozen importlib._bootstrap>", line 951, in _find_and_load_unlocked
  File "<frozen importlib._bootstrap>", line 894, in _find_spec
  File "<frozen importlib._bootstrap>", line 782, in find_spec
KeyboardInterrupt
Running Faiss DBSCAN by nsize = 10000, dimension = 3
WARNING clustering 10000 points to 1000 centroids: please provide at least 39000 training points
WARNING clustering 10000 points to 1000 centroids: please provide at least 39000 training points
Running Faiss DBSCAN by nsize = 20000, dimension = 3
WARNING clustering 20000 points to 1000 centroids: please provide at least 39000 training points
WARNING clustering 20000 points to 1000 centroids: please provide at least 39000 training points
Running Faiss DBSCAN by nsize = 50000, dimension = 3
Running Faiss DBSCAN by nsize = 10000, dimension = 3
WARNING clustering 10000 points to 1000 centroids: please provide at least 39000 training points
WARNING clustering 10000 points to 1000 centroids: please provide at least 39000 training points
--------------------------------------------------------------------
Running Faiss DBSCAN by nsize = 20000, dimension = 3
WARNING clustering 20000 points to 1000 centroids: please provide at least 39000 training points
WARNING clustering 20000 points to 1000 centroids: please provide at least 39000 training points
--------------------------------------------------------------------
Running Faiss DBSCAN by nsize = 50000, dimension = 3
--------------------------------------------------------------------
Running Faiss DBSCAN by nsize = 10000, dimension = 3
WARNING clustering 10000 points to 1000 centroids: please provide at least 39000 training points
WARNING clustering 10000 points to 1000 centroids: please provide at least 39000 training points
--------------------------------------------------------------------
Running Faiss DBSCAN by nsize = 30000, dimension = 3
WARNING clustering 30000 points to 1000 centroids: please provide at least 39000 training points
WARNING clustering 30000 points to 1000 centroids: please provide at least 39000 training points
--------------------------------------------------------------------
Running Faiss DBSCAN by nsize = 50000, dimension = 3
--------------------------------------------------------------------
Running Faiss DBSCAN by nsize = 80000, dimension = 3
--------------------------------------------------------------------
Running Faiss DBSCAN by nsize = 100000, dimension = 3
--------------------------------------------------------------------
Running Faiss DBSCAN by nsize = 300000, dimension = 3
--------------------------------------------------------------------
Running Faiss DBSCAN by nsize = 500000, dimension = 3
--------------------------------------------------------------------
Running Faiss DBSCAN by nsize = 800000, dimension = 3
--------------------------------------------------------------------
Running Faiss DBSCAN by nsize = 1000000, dimension = 3
--------------------------------------------------------------------
Running Faiss DBSCAN by nsize = 3000000, dimension = 3
--------------------------------------------------------------------
Running Faiss DBSCAN by nsize = 5000000, dimension = 3
--------------------------------------------------------------------
Running Faiss DBSCAN by nsize = 8000000, dimension = 3
--------------------------------------------------------------------
Running Faiss DBSCAN by nsize = 10000000, dimension = 3
--------------------------------------------------------------------
